{
  "Cucumber Features": {
    "coverage": {
      "/home/expedia/projects/iSurvey/app/models/user.rb": [
        1,
        null,
        null,
        1,
        null,
        null,
        null,
        null,
        1,
        null,
        1,
        1,
        null,
        1,
        88,
        null,
        null,
        null
      ],
      "/home/expedia/projects/iSurvey/app/controllers/application_controller.rb": [
        1,
        1,
        null,
        1,
        0,
        0,
        null,
        0,
        null,
        null,
        null,
        1,
        1,
        117,
        null,
        null
      ],
      "/home/expedia/projects/iSurvey/app/helpers/application_helper.rb": [
        1,
        null
      ],
      "/home/expedia/projects/iSurvey/app/helpers/authentications_helper.rb": [
        1,
        null
      ],
      "/home/expedia/projects/iSurvey/app/helpers/comments_helper.rb": [
        1,
        null
      ],
      "/home/expedia/projects/iSurvey/app/helpers/layout_helper.rb": [
        1,
        null,
        1,
        32,
        16,
        null,
        null,
        1,
        0,
        null,
        null,
        1,
        0,
        null,
        null,
        1,
        0,
        null,
        null,
        null
      ],
      "/home/expedia/projects/iSurvey/app/helpers/roles_helper.rb": [
        1,
        null
      ],
      "/home/expedia/projects/iSurvey/app/helpers/statistics_helper.rb": [
        1,
        null,
        1,
        0,
        null,
        null
      ],
      "/home/expedia/projects/iSurvey/app/helpers/surveys_helper.rb": [
        1,
        1,
        0,
        null,
        null,
        1,
        0,
        0,
        0,
        null,
        null,
        0,
        null,
        null,
        1,
        12,
        12,
        null,
        12,
        12,
        null,
        null,
        null,
        1,
        30,
        null,
        null,
        1,
        6,
        null,
        null,
        1,
        2,
        0,
        null,
        2,
        null,
        null,
        null,
        1,
        6,
        6,
        6,
        null,
        0,
        null,
        6,
        null,
        null,
        null
      ],
      "/home/expedia/projects/iSurvey/app/controllers/authentications_controller.rb": [
        1,
        null,
        1,
        0,
        null,
        null,
        1,
        0,
        0,
        0,
        0,
        0,
        0,
        0,
        0,
        0,
        null,
        0,
        0,
        0,
        0,
        0,
        null,
        0,
        0,
        null,
        null,
        null,
        null,
        1,
        0,
        0,
        0,
        0,
        null,
        null,
        null
      ],
      "/home/expedia/projects/iSurvey/app/models/authentication.rb": [
        1,
        null
      ],
      "/home/expedia/projects/iSurvey/app/controllers/comments_controller.rb": [
        1,
        1,
        null,
        1,
        0,
        0,
        null,
        null,
        1,
        0,
        0,
        0,
        null,
        0,
        0,
        0,
        null,
        0,
        null,
        null,
        null,
        null,
        1,
        0,
        0,
        null,
        null,
        1,
        0,
        0,
        null,
        0,
        0,
        null,
        null,
        null
      ],
      "/home/expedia/projects/iSurvey/app/models/comment.rb": [
        1,
        1,
        1,
        null,
        1,
        null,
        1,
        1,
        1,
        null,
        1,
        null
      ],
      "/home/expedia/projects/iSurvey/app/controllers/roles_controller.rb": [
        1,
        null,
        1,
        1,
        null,
        1,
        0,
        0,
        0,
        0,
        null,
        null,
        null,
        1,
        0,
        0,
        0,
        null,
        0,
        null,
        null,
        null,
        1,
        0,
        0,
        0,
        null,
        0,
        null,
        null,
        null,
        1,
        0,
        0,
        0,
        0,
        null,
        0,
        0,
        null,
        0,
        null,
        null,
        null,
        null,
        1,
        0,
        0,
        0,
        0,
        0,
        0,
        null,
        null,
        null,
        1,
        0,
        0,
        0,
        null,
        0,
        0,
        0,
        0,
        null,
        0,
        0,
        null,
        0,
        0,
        null,
        null,
        null,
        1,
        0,
        0,
        0,
        0,
        0,
        0,
        0,
        null,
        0,
        0,
        null,
        0,
        0,
        null,
        null,
        null,
        1,
        null,
        null,
        null,
        null
      ],
      "/home/expedia/projects/iSurvey/app/models/role.rb": [
        1,
        1,
        null,
        null
      ],
      "/home/expedia/projects/iSurvey/app/controllers/sessions_controller.rb": [
        1,
        null
      ],
      "/home/expedia/projects/iSurvey/app/controllers/statistics_controller.rb": [
        1,
        null,
        1,
        0,
        0,
        0,
        0,
        null,
        0,
        0,
        null,
        null,
        null
      ],
      "/home/expedia/projects/iSurvey/app/controllers/surveys_controller.rb": [
        1,
        null,
        1,
        null,
        1,
        null,
        null,
        null,
        1,
        14,
        null,
        11,
        null,
        3,
        3,
        null,
        null,
        14,
        14,
        14,
        null,
        null,
        null,
        null,
        null,
        null,
        1,
        2,
        2,
        2,
        0,
        0,
        0,
        null,
        null,
        null,
        null,
        2,
        2,
        6,
        6,
        18,
        null,
        null,
        null,
        2,
        2,
        2,
        null,
        null,
        null,
        null,
        1,
        null,
        null,
        null,
        null,
        null,
        1,
        null,
        2,
        2,
        1,
        0,
        0,
        0,
        null,
        null,
        2,
        1,
        null,
        2,
        1,
        null,
        null,
        null,
        null,
        null,
        null,
        1,
        null,
        2,
        2,
        2,
        1,
        null,
        2,
        1,
        null,
        null,
        null,
        null,
        null,
        null,
        1,
        null,
        1,
        1,
        2,
        1,
        null,
        null,
        null,
        null,
        1,
        0,
        0,
        0,
        0,
        0,
        0,
        null,
        0,
        null,
        0,
        0,
        0,
        0,
        0,
        null,
        0,
        null,
        null,
        null,
        1,
        0,
        0,
        0,
        0,
        0,
        0,
        0,
        null,
        0,
        0,
        0,
        null,
        null,
        null,
        null,
        null,
        null,
        null,
        1,
        2,
        2,
        2,
        2,
        null,
        null,
        null,
        1,
        1,
        0,
        0,
        0,
        0,
        0,
        0,
        null,
        0,
        0,
        null,
        0,
        null,
        null,
        1,
        0,
        0,
        0,
        null,
        0,
        null,
        null,
        null,
        1,
        0,
        0,
        0,
        0,
        null,
        0,
        null,
        null,
        null,
        null,
        1,
        0,
        null,
        null,
        1,
        0,
        null,
        null,
        1,
        0,
        0,
        0,
        0,
        0,
        0,
        0,
        0,
        0,
        null,
        null,
        0,
        null,
        null,
        1,
        0,
        0,
        0,
        0,
        0,
        0,
        0,
        0,
        null,
        null,
        null,
        null,
        null,
        null
      ],
      "/home/expedia/projects/iSurvey/app/models/survey.rb": [
        1,
        1,
        1,
        1,
        null,
        null,
        11,
        null,
        1,
        1,
        null,
        null
      ],
      "/home/expedia/projects/iSurvey/app/mailers/notifier.rb": [
        1,
        1,
        null,
        null,
        null,
        null,
        null,
        null,
        1,
        0,
        null,
        0,
        null,
        null
      ],
      "/home/expedia/projects/iSurvey/app/mailers/testmailer.rb": [
        1,
        1,
        null
      ],
      "/home/expedia/projects/iSurvey/app/models/ability.rb": [
        1,
        1,
        null,
        null,
        1,
        45,
        45,
        22,
        23,
        0,
        0,
        0,
        0,
        null,
        23,
        3,
        0,
        null,
        null,
        null,
        null,
        null,
        null,
        null,
        null,
        null,
        null,
        null,
        null,
        null,
        null,
        null,
        null,
        null,
        null,
        null,
        null,
        null,
        null,
        null,
        null,
        null,
        null,
        null
      ],
      "/home/expedia/projects/iSurvey/app/models/choice.rb": [
        1,
        1,
        null,
        null
      ],
      "/home/expedia/projects/iSurvey/app/models/question.rb": [
        1,
        1,
        1,
        11,
        null,
        null,
        null,
        null
      ],
      "/home/expedia/projects/iSurvey/app/models/record.rb": [
        1,
        1,
        null
      ],
      "/home/expedia/projects/iSurvey/app/models/statistics.rb": [
        1,
        1,
        1,
        1,
        null
      ]
    },
    "timestamp": 1332323769
  },
  "RSpec": {
    "coverage": {
      "/home/expedia/projects/iSurvey/app/models/user.rb": [
        1,
        null,
        null,
        1,
        null,
        null,
        null,
        null,
        1,
        null,
        1,
        1,
        null,
        1,
        0,
        null,
        null,
        null
      ],
      "/home/expedia/projects/iSurvey/app/controllers/application_controller.rb": [
        1,
        1,
        null,
        1,
        0,
        0,
        null,
        0,
        null,
        null,
        null,
        1,
        1,
        0,
        null,
        null
      ],
      "/home/expedia/projects/iSurvey/app/helpers/application_helper.rb": [
        1,
        null
      ],
      "/home/expedia/projects/iSurvey/app/helpers/authentications_helper.rb": [
        1,
        null
      ],
      "/home/expedia/projects/iSurvey/app/helpers/comments_helper.rb": [
        1,
        null
      ],
      "/home/expedia/projects/iSurvey/app/helpers/layout_helper.rb": [
        1,
        null,
        1,
        0,
        0,
        null,
        null,
        1,
        0,
        null,
        null,
        1,
        0,
        null,
        null,
        1,
        0,
        null,
        null,
        null
      ],
      "/home/expedia/projects/iSurvey/app/helpers/roles_helper.rb": [
        1,
        null
      ],
      "/home/expedia/projects/iSurvey/app/helpers/statistics_helper.rb": [
        1,
        null,
        1,
        0,
        null,
        null
      ],
      "/home/expedia/projects/iSurvey/app/helpers/surveys_helper.rb": [
        1,
        1,
        0,
        null,
        null,
        1,
        0,
        0,
        0,
        null,
        null,
        0,
        null,
        null,
        1,
        0,
        0,
        null,
        0,
        0,
        null,
        null,
        null,
        1,
        0,
        null,
        null,
        1,
        0,
        null,
        null,
        1,
        0,
        0,
        null,
        0,
        null,
        null,
        null,
        1,
        0,
        0,
        0,
        null,
        0,
        null,
        0,
        null,
        null,
        null
      ],
      "/home/expedia/projects/iSurvey/app/controllers/authentications_controller.rb": [
        1,
        null,
        1,
        0,
        null,
        null,
        1,
        0,
        0,
        0,
        0,
        0,
        0,
        0,
        0,
        0,
        null,
        0,
        0,
        0,
        0,
        0,
        null,
        0,
        0,
        null,
        null,
        null,
        null,
        1,
        0,
        0,
        0,
        0,
        null,
        null,
        null
      ],
      "/home/expedia/projects/iSurvey/app/models/authentication.rb": [
        1,
        null
      ],
      "/home/expedia/projects/iSurvey/app/controllers/comments_controller.rb": [
        1,
        1,
        null,
        1,
        0,
        0,
        null,
        null,
        1,
        0,
        0,
        0,
        null,
        0,
        0,
        0,
        null,
        0,
        null,
        null,
        null,
        null,
        1,
        0,
        0,
        null,
        null,
        1,
        0,
        0,
        null,
        0,
        0,
        null,
        null,
        null
      ],
      "/home/expedia/projects/iSurvey/app/models/comment.rb": [
        1,
        1,
        1,
        null,
        1,
        null,
        1,
        1,
        1,
        null,
        1,
        null
      ],
      "/home/expedia/projects/iSurvey/app/controllers/roles_controller.rb": [
        1,
        null,
        1,
        1,
        null,
        1,
        0,
        0,
        0,
        0,
        null,
        null,
        null,
        1,
        0,
        0,
        0,
        null,
        0,
        null,
        null,
        null,
        1,
        0,
        0,
        0,
        null,
        0,
        null,
        null,
        null,
        1,
        0,
        0,
        0,
        0,
        null,
        0,
        0,
        null,
        0,
        null,
        null,
        null,
        null,
        1,
        0,
        0,
        0,
        0,
        0,
        0,
        null,
        null,
        null,
        1,
        0,
        0,
        0,
        null,
        0,
        0,
        0,
        0,
        null,
        0,
        0,
        null,
        0,
        0,
        null,
        null,
        null,
        1,
        0,
        0,
        0,
        0,
        0,
        0,
        0,
        null,
        0,
        0,
        null,
        0,
        0,
        null,
        null,
        null,
        1,
        null,
        null,
        null,
        null
      ],
      "/home/expedia/projects/iSurvey/app/models/role.rb": [
        1,
        1,
        null,
        null
      ],
      "/home/expedia/projects/iSurvey/app/controllers/sessions_controller.rb": [
        1,
        null
      ],
      "/home/expedia/projects/iSurvey/app/controllers/statistics_controller.rb": [
        1,
        null,
        1,
        0,
        0,
        0,
        0,
        null,
        0,
        0,
        null,
        null,
        null
      ],
      "/home/expedia/projects/iSurvey/app/controllers/surveys_controller.rb": [
        1,
        null,
        1,
        null,
        1,
        null,
        null,
        null,
        1,
        0,
        null,
        0,
        null,
        0,
        0,
        null,
        null,
        0,
        0,
        0,
        null,
        null,
        null,
        null,
        null,
        null,
        1,
        0,
        0,
        0,
        0,
        0,
        0,
        null,
        null,
        null,
        null,
        0,
        0,
        0,
        0,
        0,
        null,
        null,
        null,
        0,
        0,
        0,
        null,
        null,
        null,
        null,
        1,
        null,
        null,
        null,
        null,
        null,
        1,
        null,
        0,
        0,
        0,
        0,
        0,
        0,
        null,
        null,
        0,
        0,
        null,
        0,
        0,
        null,
        null,
        null,
        null,
        null,
        null,
        1,
        null,
        0,
        0,
        0,
        0,
        null,
        0,
        0,
        null,
        null,
        null,
        null,
        null,
        null,
        1,
        null,
        0,
        0,
        0,
        0,
        null,
        null,
        null,
        null,
        1,
        0,
        0,
        0,
        0,
        0,
        0,
        null,
        0,
        null,
        0,
        0,
        0,
        0,
        0,
        null,
        0,
        null,
        null,
        null,
        1,
        0,
        0,
        0,
        0,
        0,
        0,
        0,
        null,
        0,
        0,
        0,
        null,
        null,
        null,
        null,
        null,
        null,
        null,
        1,
        0,
        0,
        0,
        0,
        null,
        null,
        null,
        1,
        1,
        0,
        0,
        0,
        0,
        0,
        0,
        null,
        0,
        0,
        null,
        0,
        null,
        null,
        1,
        0,
        0,
        0,
        null,
        0,
        null,
        null,
        null,
        1,
        0,
        0,
        0,
        0,
        null,
        0,
        null,
        null,
        null,
        null,
        1,
        0,
        null,
        null,
        1,
        0,
        null,
        null,
        1,
        0,
        0,
        0,
        0,
        0,
        0,
        0,
        0,
        0,
        null,
        null,
        0,
        null,
        null,
        1,
        0,
        0,
        0,
        0,
        0,
        0,
        0,
        0,
        null,
        null,
        null,
        null,
        null,
        null
      ],
      "/home/expedia/projects/iSurvey/app/models/survey.rb": [
        1,
        1,
        1,
        1,
        null,
        null,
        1,
        null,
        1,
        1,
        null,
        null
      ],
      "/home/expedia/projects/iSurvey/app/mailers/notifier.rb": [
        1,
        1,
        null,
        null,
        null,
        null,
        null,
        null,
        1,
        0,
        null,
        0,
        null,
        null
      ],
      "/home/expedia/projects/iSurvey/app/mailers/testmailer.rb": [
        1,
        1,
        null
      ],
      "/home/expedia/projects/iSurvey/app/models/ability.rb": [
        1,
        1,
        null,
        null,
        1,
        0,
        0,
        0,
        0,
        0,
        0,
        0,
        0,
        null,
        0,
        0,
        0,
        null,
        null,
        null,
        null,
        null,
        null,
        null,
        null,
        null,
        null,
        null,
        null,
        null,
        null,
        null,
        null,
        null,
        null,
        null,
        null,
        null,
        null,
        null,
        null,
        null,
        null,
        null
      ],
      "/home/expedia/projects/iSurvey/app/models/choice.rb": [
        1,
        1,
        null,
        null
      ],
      "/home/expedia/projects/iSurvey/app/models/question.rb": [
        1,
        1,
        1,
        1,
        null,
        null,
        null,
        null
      ],
      "/home/expedia/projects/iSurvey/app/models/record.rb": [
        1,
        1,
        null
      ],
      "/home/expedia/projects/iSurvey/app/models/statistics.rb": [
        1,
        1,
        1,
        1,
        null
      ]
    },
    "timestamp": 1332321419
  }
}
